2022-04-05 21:04:751 INFO  EligibilityChecker :93 - clicking on sign in button : [[ChromeDriver: chrome on WINDOWS (289cb3af463662fbe6a71545b7e6809f)] -> xpath: //input[@id='next-button']]
2022-04-05 21:04:20 INFO  EligibilityChecker :97 - clicking on sign in button : [[ChromeDriver: chrome on WINDOWS (289cb3af463662fbe6a71545b7e6809f)] -> xpath: //input[@id='radio-wales']]
2022-04-05 21:04:85 INFO  EligibilityChecker :101 - clicking on sign in button : [[ChromeDriver: chrome on WINDOWS (289cb3af463662fbe6a71545b7e6809f)] -> xpath: //input[@id='next-button']]
2022-04-05 21:04:314 INFO  EligibilityChecker :105 - clicking on sign in button : [[ChromeDriver: chrome on WINDOWS (289cb3af463662fbe6a71545b7e6809f)] -> xpath: //input[@id='radio-yes']]
2022-04-05 21:04:371 INFO  EligibilityChecker :109 - clicking on sign in button : [[ChromeDriver: chrome on WINDOWS (289cb3af463662fbe6a71545b7e6809f)] -> xpath: //input[@id='next-button']]
2022-04-05 21:04:590 INFO  EligibilityChecker :113 - clicking on sign in button : [[ChromeDriver: chrome on WINDOWS (289cb3af463662fbe6a71545b7e6809f)] -> xpath: //input[@id='radio-wales']]
2022-04-05 21:04:649 INFO  EligibilityChecker :117 - clicking on sign in button : [[ChromeDriver: chrome on WINDOWS (289cb3af463662fbe6a71545b7e6809f)] -> xpath: //input[@id='next-button']]
2022-04-05 21:04:868 INFO  EligibilityChecker :121 - clicking on sign in button : [[ChromeDriver: chrome on WINDOWS (289cb3af463662fbe6a71545b7e6809f)] -> xpath: //input[@id='dob-day']]
2022-04-05 21:04:964 INFO  EligibilityChecker :125 - clicking on sign in button : [[ChromeDriver: chrome on WINDOWS (289cb3af463662fbe6a71545b7e6809f)] -> xpath: //input[@id='dob-month']]
2022-04-05 21:04:31 INFO  EligibilityChecker :129 - clicking on sign in button : [[ChromeDriver: chrome on WINDOWS (289cb3af463662fbe6a71545b7e6809f)] -> xpath: //input[@id='dob-year']]
2022-04-05 21:04:91 INFO  EligibilityChecker :133 - clicking on sign in button : [[ChromeDriver: chrome on WINDOWS (289cb3af463662fbe6a71545b7e6809f)] -> xpath: //input[@id='next-button']]
2022-04-05 21:04:291 INFO  EligibilityChecker :137 - clicking on sign in button : [[ChromeDriver: chrome on WINDOWS (289cb3af463662fbe6a71545b7e6809f)] -> xpath: //input[@id='radio-yes']]
2022-04-05 21:04:345 INFO  EligibilityChecker :141 - clicking on sign in button : [[ChromeDriver: chrome on WINDOWS (289cb3af463662fbe6a71545b7e6809f)] -> xpath: //input[@id='next-button']]
2022-04-05 21:04:549 INFO  EligibilityChecker :145 - clicking on sign in button : [[ChromeDriver: chrome on WINDOWS (289cb3af463662fbe6a71545b7e6809f)] -> xpath: //input[@id='radio-no']]
2022-04-05 21:04:619 INFO  EligibilityChecker :149 - clicking on sign in button : [[ChromeDriver: chrome on WINDOWS (289cb3af463662fbe6a71545b7e6809f)] -> xpath: //input[@id='next-button']]
2022-04-05 21:04:851 INFO  EligibilityChecker :153 - clicking on sign in button : [[ChromeDriver: chrome on WINDOWS (289cb3af463662fbe6a71545b7e6809f)] -> xpath: //input[@id='radio-no']]
2022-04-05 21:04:908 INFO  EligibilityChecker :157 - clicking on sign in button : [[ChromeDriver: chrome on WINDOWS (289cb3af463662fbe6a71545b7e6809f)] -> xpath: //input[@id='next-button']]
2022-04-05 21:04:103 INFO  EligibilityChecker :161 - clicking on sign in button : [[ChromeDriver: chrome on WINDOWS (289cb3af463662fbe6a71545b7e6809f)] -> xpath: //input[@id='radio-no']]
2022-04-05 21:04:160 INFO  EligibilityChecker :165 - clicking on sign in button : [[ChromeDriver: chrome on WINDOWS (289cb3af463662fbe6a71545b7e6809f)] -> xpath: //input[@id='next-button']]
2022-04-05 21:04:365 INFO  EligibilityChecker :169 - clicking on sign in button : [[ChromeDriver: chrome on WINDOWS (289cb3af463662fbe6a71545b7e6809f)] -> xpath: //input[@id='radio-no']]
2022-04-05 21:04:420 INFO  EligibilityChecker :173 - clicking on sign in button : [[ChromeDriver: chrome on WINDOWS (289cb3af463662fbe6a71545b7e6809f)] -> xpath: //input[@id='next-button']]
2022-04-05 21:04:638 INFO  EligibilityChecker :177 - clicking on sign in button : [[ChromeDriver: chrome on WINDOWS (289cb3af463662fbe6a71545b7e6809f)] -> xpath: //input[@id='radio-no']]
2022-04-05 21:04:697 INFO  EligibilityChecker :181 - clicking on sign in button : [[ChromeDriver: chrome on WINDOWS (289cb3af463662fbe6a71545b7e6809f)] -> xpath: //input[@id='next-button']]
2022-04-05 21:04:911 INFO  EligibilityChecker :185 - Verify register Text:  displayed on register page [[ChromeDriver: chrome on WINDOWS (289cb3af463662fbe6a71545b7e6809f)] -> xpath: //h1[@id='result-heading']]
2022-04-05 21:04:649 INFO  EligibilityChecker :93 - clicking on sign in button : [[ChromeDriver: chrome on WINDOWS (7c72633f70d60fdc2e2ec732f16fc317)] -> xpath: //input[@id='next-button']]
2022-04-05 21:04:928 INFO  EligibilityChecker :97 - clicking on sign in button : [[ChromeDriver: chrome on WINDOWS (7c72633f70d60fdc2e2ec732f16fc317)] -> xpath: //input[@id='radio-wales']]
2022-04-05 21:04:06 INFO  EligibilityChecker :101 - clicking on sign in button : [[ChromeDriver: chrome on WINDOWS (7c72633f70d60fdc2e2ec732f16fc317)] -> xpath: //input[@id='next-button']]
2022-04-05 21:04:228 INFO  EligibilityChecker :105 - clicking on sign in button : [[ChromeDriver: chrome on WINDOWS (7c72633f70d60fdc2e2ec732f16fc317)] -> xpath: //input[@id='radio-yes']]
2022-04-05 21:04:291 INFO  EligibilityChecker :109 - clicking on sign in button : [[ChromeDriver: chrome on WINDOWS (7c72633f70d60fdc2e2ec732f16fc317)] -> xpath: //input[@id='next-button']]
2022-04-05 21:04:517 INFO  EligibilityChecker :113 - clicking on sign in button : [[ChromeDriver: chrome on WINDOWS (7c72633f70d60fdc2e2ec732f16fc317)] -> xpath: //input[@id='radio-wales']]
2022-04-05 21:04:576 INFO  EligibilityChecker :117 - clicking on sign in button : [[ChromeDriver: chrome on WINDOWS (7c72633f70d60fdc2e2ec732f16fc317)] -> xpath: //input[@id='next-button']]
2022-04-05 21:04:799 INFO  EligibilityChecker :121 - clicking on sign in button : [[ChromeDriver: chrome on WINDOWS (7c72633f70d60fdc2e2ec732f16fc317)] -> xpath: //input[@id='dob-day']]
2022-04-05 21:04:872 INFO  EligibilityChecker :125 - clicking on sign in button : [[ChromeDriver: chrome on WINDOWS (7c72633f70d60fdc2e2ec732f16fc317)] -> xpath: //input[@id='dob-month']]
2022-04-05 21:04:925 INFO  EligibilityChecker :129 - clicking on sign in button : [[ChromeDriver: chrome on WINDOWS (7c72633f70d60fdc2e2ec732f16fc317)] -> xpath: //input[@id='dob-year']]
2022-04-05 21:04:977 INFO  EligibilityChecker :133 - clicking on sign in button : [[ChromeDriver: chrome on WINDOWS (7c72633f70d60fdc2e2ec732f16fc317)] -> xpath: //input[@id='next-button']]
2022-04-05 21:04:188 INFO  EligibilityChecker :137 - clicking on sign in button : [[ChromeDriver: chrome on WINDOWS (7c72633f70d60fdc2e2ec732f16fc317)] -> xpath: //input[@id='radio-yes']]
2022-04-05 21:04:262 INFO  EligibilityChecker :141 - clicking on sign in button : [[ChromeDriver: chrome on WINDOWS (7c72633f70d60fdc2e2ec732f16fc317)] -> xpath: //input[@id='next-button']]
2022-04-05 21:04:506 INFO  EligibilityChecker :145 - clicking on sign in button : [[ChromeDriver: chrome on WINDOWS (7c72633f70d60fdc2e2ec732f16fc317)] -> xpath: //input[@id='radio-no']]
2022-04-05 21:04:569 INFO  EligibilityChecker :149 - clicking on sign in button : [[ChromeDriver: chrome on WINDOWS (7c72633f70d60fdc2e2ec732f16fc317)] -> xpath: //input[@id='next-button']]
2022-04-05 21:04:797 INFO  EligibilityChecker :153 - clicking on sign in button : [[ChromeDriver: chrome on WINDOWS (7c72633f70d60fdc2e2ec732f16fc317)] -> xpath: //input[@id='radio-no']]
2022-04-05 21:04:852 INFO  EligibilityChecker :157 - clicking on sign in button : [[ChromeDriver: chrome on WINDOWS (7c72633f70d60fdc2e2ec732f16fc317)] -> xpath: //input[@id='next-button']]
2022-04-05 21:04:107 INFO  EligibilityChecker :161 - clicking on sign in button : [[ChromeDriver: chrome on WINDOWS (7c72633f70d60fdc2e2ec732f16fc317)] -> xpath: //input[@id='radio-no']]
2022-04-05 21:04:168 INFO  EligibilityChecker :165 - clicking on sign in button : [[ChromeDriver: chrome on WINDOWS (7c72633f70d60fdc2e2ec732f16fc317)] -> xpath: //input[@id='next-button']]
2022-04-05 21:04:396 INFO  EligibilityChecker :169 - clicking on sign in button : [[ChromeDriver: chrome on WINDOWS (7c72633f70d60fdc2e2ec732f16fc317)] -> xpath: //input[@id='radio-no']]
2022-04-05 21:04:469 INFO  EligibilityChecker :173 - clicking on sign in button : [[ChromeDriver: chrome on WINDOWS (7c72633f70d60fdc2e2ec732f16fc317)] -> xpath: //input[@id='next-button']]
2022-04-05 21:04:707 INFO  EligibilityChecker :177 - clicking on sign in button : [[ChromeDriver: chrome on WINDOWS (7c72633f70d60fdc2e2ec732f16fc317)] -> xpath: //input[@id='radio-no']]
2022-04-05 21:04:769 INFO  EligibilityChecker :181 - clicking on sign in button : [[ChromeDriver: chrome on WINDOWS (7c72633f70d60fdc2e2ec732f16fc317)] -> xpath: //input[@id='next-button']]
2022-04-05 21:04:69 INFO  EligibilityChecker :185 - Verify register Text:  displayed on register page [[ChromeDriver: chrome on WINDOWS (7c72633f70d60fdc2e2ec732f16fc317)] -> xpath: //h1[@id='result-heading']]
2022-04-05 21:04:392 INFO  EligibilityChecker :93 - clicking on sign in button : [[ChromeDriver: chrome on WINDOWS (13e718aa5128d163a9455eb8ccdcc451)] -> xpath: //input[@id='next-button']]
2022-04-05 21:04:724 INFO  EligibilityChecker :97 - clicking on sign in button : [[ChromeDriver: chrome on WINDOWS (13e718aa5128d163a9455eb8ccdcc451)] -> xpath: //input[@id='radio-wales']]
2022-04-05 21:04:784 INFO  EligibilityChecker :101 - clicking on sign in button : [[ChromeDriver: chrome on WINDOWS (13e718aa5128d163a9455eb8ccdcc451)] -> xpath: //input[@id='next-button']]
2022-04-05 21:04:11 INFO  EligibilityChecker :105 - clicking on sign in button : [[ChromeDriver: chrome on WINDOWS (13e718aa5128d163a9455eb8ccdcc451)] -> xpath: //input[@id='radio-yes']]
2022-04-05 21:04:70 INFO  EligibilityChecker :109 - clicking on sign in button : [[ChromeDriver: chrome on WINDOWS (13e718aa5128d163a9455eb8ccdcc451)] -> xpath: //input[@id='next-button']]
2022-04-05 21:04:293 INFO  EligibilityChecker :113 - clicking on sign in button : [[ChromeDriver: chrome on WINDOWS (13e718aa5128d163a9455eb8ccdcc451)] -> xpath: //input[@id='radio-wales']]
2022-04-05 21:04:356 INFO  EligibilityChecker :117 - clicking on sign in button : [[ChromeDriver: chrome on WINDOWS (13e718aa5128d163a9455eb8ccdcc451)] -> xpath: //input[@id='next-button']]
2022-04-05 21:04:573 INFO  EligibilityChecker :121 - clicking on sign in button : [[ChromeDriver: chrome on WINDOWS (13e718aa5128d163a9455eb8ccdcc451)] -> xpath: //input[@id='dob-day']]
2022-04-05 21:04:647 INFO  EligibilityChecker :125 - clicking on sign in button : [[ChromeDriver: chrome on WINDOWS (13e718aa5128d163a9455eb8ccdcc451)] -> xpath: //input[@id='dob-month']]
2022-04-05 21:04:707 INFO  EligibilityChecker :129 - clicking on sign in button : [[ChromeDriver: chrome on WINDOWS (13e718aa5128d163a9455eb8ccdcc451)] -> xpath: //input[@id='dob-year']]
2022-04-05 21:04:759 INFO  EligibilityChecker :133 - clicking on sign in button : [[ChromeDriver: chrome on WINDOWS (13e718aa5128d163a9455eb8ccdcc451)] -> xpath: //input[@id='next-button']]
2022-04-05 21:04:185 INFO  EligibilityChecker :137 - clicking on sign in button : [[ChromeDriver: chrome on WINDOWS (13e718aa5128d163a9455eb8ccdcc451)] -> xpath: //input[@id='radio-yes']]
2022-04-05 21:04:245 INFO  EligibilityChecker :141 - clicking on sign in button : [[ChromeDriver: chrome on WINDOWS (13e718aa5128d163a9455eb8ccdcc451)] -> xpath: //input[@id='next-button']]
2022-04-05 21:04:472 INFO  EligibilityChecker :145 - clicking on sign in button : [[ChromeDriver: chrome on WINDOWS (13e718aa5128d163a9455eb8ccdcc451)] -> xpath: //input[@id='radio-no']]
2022-04-05 21:04:530 INFO  EligibilityChecker :149 - clicking on sign in button : [[ChromeDriver: chrome on WINDOWS (13e718aa5128d163a9455eb8ccdcc451)] -> xpath: //input[@id='next-button']]
2022-04-05 21:04:753 INFO  EligibilityChecker :153 - clicking on sign in button : [[ChromeDriver: chrome on WINDOWS (13e718aa5128d163a9455eb8ccdcc451)] -> xpath: //input[@id='radio-no']]
2022-04-05 21:04:805 INFO  EligibilityChecker :157 - clicking on sign in button : [[ChromeDriver: chrome on WINDOWS (13e718aa5128d163a9455eb8ccdcc451)] -> xpath: //input[@id='next-button']]
2022-04-05 21:04:20 INFO  EligibilityChecker :161 - clicking on sign in button : [[ChromeDriver: chrome on WINDOWS (13e718aa5128d163a9455eb8ccdcc451)] -> xpath: //input[@id='radio-no']]
2022-04-05 21:04:72 INFO  EligibilityChecker :165 - clicking on sign in button : [[ChromeDriver: chrome on WINDOWS (13e718aa5128d163a9455eb8ccdcc451)] -> xpath: //input[@id='next-button']]
2022-04-05 21:04:284 INFO  EligibilityChecker :169 - clicking on sign in button : [[ChromeDriver: chrome on WINDOWS (13e718aa5128d163a9455eb8ccdcc451)] -> xpath: //input[@id='radio-no']]
2022-04-05 21:04:341 INFO  EligibilityChecker :173 - clicking on sign in button : [[ChromeDriver: chrome on WINDOWS (13e718aa5128d163a9455eb8ccdcc451)] -> xpath: //input[@id='next-button']]
2022-04-05 21:04:556 INFO  EligibilityChecker :177 - clicking on sign in button : [[ChromeDriver: chrome on WINDOWS (13e718aa5128d163a9455eb8ccdcc451)] -> xpath: //input[@id='radio-no']]
2022-04-05 21:04:615 INFO  EligibilityChecker :181 - clicking on sign in button : [[ChromeDriver: chrome on WINDOWS (13e718aa5128d163a9455eb8ccdcc451)] -> xpath: //input[@id='next-button']]
2022-04-05 21:04:903 INFO  EligibilityChecker :185 - Verify register Text:  displayed on register page [[ChromeDriver: chrome on WINDOWS (13e718aa5128d163a9455eb8ccdcc451)] -> xpath: //h1[@id='result-heading']]
